{
  "stats": {
    "suites": 1,
    "tests": 33,
    "passes": 18,
    "pending": 0,
    "failures": 15,
    "start": "2025-08-02T10:20:14.915Z",
    "end": "2025-08-02T10:23:11.166Z",
    "duration": 176251,
    "testsRegistered": 33,
    "passPercent": 54.54545454545454,
    "pendingPercent": 0,
    "other": 0,
    "hasOther": false,
    "skipped": 0,
    "hasSkipped": false
  },
  "results": [
    {
      "uuid": "3cff0f8b-80c0-48bf-a5bf-f9a634fa3c2a",
      "title": "",
      "fullFile": "cypress\\e2e\\LogIn.cy.js",
      "file": "cypress\\e2e\\LogIn.cy.js",
      "beforeHooks": [],
      "afterHooks": [],
      "tests": [],
      "suites": [
        {
          "uuid": "4acbaa4d-36d3-41fa-b694-1a23bfe63139",
          "title": "Login Test - 33 Separate Test Cases",
          "fullFile": "",
          "file": "",
          "beforeHooks": [],
          "afterHooks": [],
          "tests": [
            {
              "title": "Test 1: Admin login success",
              "fullTitle": "Login Test - 33 Separate Test Cases Test 1: Admin login success",
              "timedOut": null,
              "duration": 8476,
              "state": "passed",
              "speed": "medium",
              "pass": true,
              "fail": false,
              "pending": false,
              "context": null,
              "code": "cy.fixture(\"loginData\").then(users => {\n  if (users[0]) performLoginTest(users[0]);\n});",
              "err": {},
              "uuid": "b69056c2-39ce-4535-8bac-dba7abd359e7",
              "parentUUID": "4acbaa4d-36d3-41fa-b694-1a23bfe63139",
              "isHook": false,
              "skipped": false
            },
            {
              "title": "Test 2: Customer login success",
              "fullTitle": "Login Test - 33 Separate Test Cases Test 2: Customer login success",
              "timedOut": null,
              "duration": 2589,
              "state": "passed",
              "speed": "fast",
              "pass": true,
              "fail": false,
              "pending": false,
              "context": null,
              "code": "cy.fixture(\"loginData\").then(users => {\n  if (users[1]) performLoginTest(users[1]);\n});",
              "err": {},
              "uuid": "0b00ef91-b9fc-4e33-ba1a-dce2965eda52",
              "parentUUID": "4acbaa4d-36d3-41fa-b694-1a23bfe63139",
              "isHook": false,
              "skipped": false
            },
            {
              "title": "Test 3: Customer2 login success",
              "fullTitle": "Login Test - 33 Separate Test Cases Test 3: Customer2 login success",
              "timedOut": null,
              "duration": 6329,
              "state": "failed",
              "speed": null,
              "pass": false,
              "fail": true,
              "pending": false,
              "context": null,
              "code": "cy.fixture(\"loginData\").then(users => {\n  if (users[2]) performLoginTest(users[2]);\n});",
              "err": {
                "message": "AssertionError: Timed out retrying after 4000ms: expected 'http://localhost:4200/#/auth/login' to include '/account'",
                "estack": "AssertionError: Timed out retrying after 4000ms: expected 'http://localhost:4200/#/auth/login' to include '/account'\n    at performLoginTest (webpack://sprint5-with-bugs-testing/./cypress/e2e/LogIn.cy.js:271:15)\n    at Context.eval (webpack://sprint5-with-bugs-testing/./cypress/e2e/LogIn.cy.js:29:20)\n    at getRet (http://localhost:4200/__cypress/runner/cypress_runner.js:120949:20)\n    at tryCatcher (http://localhost:4200/__cypress/runner/cypress_runner.js:1777:23)\n    at Promise.attempt.Promise.try (http://localhost:4200/__cypress/runner/cypress_runner.js:4285:29)\n    at Context.thenFn (http://localhost:4200/__cypress/runner/cypress_runner.js:120960:66)\n    at Context.then (http://localhost:4200/__cypress/runner/cypress_runner.js:121211:21)\n    at wrapped (http://localhost:4200/__cypress/runner/cypress_runner.js:141532:19)",
                "diff": null
              },
              "uuid": "976470bc-e36d-4172-a719-f7cfeea0df86",
              "parentUUID": "4acbaa4d-36d3-41fa-b694-1a23bfe63139",
              "isHook": false,
              "skipped": false
            },
            {
              "title": "Test 4: Customer3 login success",
              "fullTitle": "Login Test - 33 Separate Test Cases Test 4: Customer3 login success",
              "timedOut": null,
              "duration": 6595,
              "state": "failed",
              "speed": null,
              "pass": false,
              "fail": true,
              "pending": false,
              "context": null,
              "code": "cy.fixture(\"loginData\").then(users => {\n  if (users[3]) performLoginTest(users[3]);\n});",
              "err": {
                "message": "AssertionError: Timed out retrying after 4000ms: expected 'http://localhost:4200/#/auth/login' to include '/account'",
                "estack": "AssertionError: Timed out retrying after 4000ms: expected 'http://localhost:4200/#/auth/login' to include '/account'\n    at performLoginTest (webpack://sprint5-with-bugs-testing/./cypress/e2e/LogIn.cy.js:271:15)\n    at Context.eval (webpack://sprint5-with-bugs-testing/./cypress/e2e/LogIn.cy.js:36:20)\n    at getRet (http://localhost:4200/__cypress/runner/cypress_runner.js:120949:20)\n    at tryCatcher (http://localhost:4200/__cypress/runner/cypress_runner.js:1777:23)\n    at Promise.attempt.Promise.try (http://localhost:4200/__cypress/runner/cypress_runner.js:4285:29)\n    at Context.thenFn (http://localhost:4200/__cypress/runner/cypress_runner.js:120960:66)\n    at Context.then (http://localhost:4200/__cypress/runner/cypress_runner.js:121211:21)\n    at wrapped (http://localhost:4200/__cypress/runner/cypress_runner.js:141532:19)",
                "diff": null
              },
              "uuid": "010e893e-8f18-4447-ad3a-e93ab1368089",
              "parentUUID": "4acbaa4d-36d3-41fa-b694-1a23bfe63139",
              "isHook": false,
              "skipped": false
            },
            {
              "title": "Test 5: Admin wrong password",
              "fullTitle": "Login Test - 33 Separate Test Cases Test 5: Admin wrong password",
              "timedOut": null,
              "duration": 2183,
              "state": "passed",
              "speed": "fast",
              "pass": true,
              "fail": false,
              "pending": false,
              "context": null,
              "code": "cy.fixture(\"loginData\").then(users => {\n  if (users[4]) performLoginTest(users[4]);\n});",
              "err": {},
              "uuid": "5cccce89-be09-4dbc-86a7-03f7ed2ab497",
              "parentUUID": "4acbaa4d-36d3-41fa-b694-1a23bfe63139",
              "isHook": false,
              "skipped": false
            },
            {
              "title": "Test 6: Admin case sensitive password",
              "fullTitle": "Login Test - 33 Separate Test Cases Test 6: Admin case sensitive password",
              "timedOut": null,
              "duration": 2163,
              "state": "passed",
              "speed": "fast",
              "pass": true,
              "fail": false,
              "pending": false,
              "context": null,
              "code": "cy.fixture(\"loginData\").then(users => {\n  if (users[5]) performLoginTest(users[5]);\n});",
              "err": {},
              "uuid": "a0b6cdb3-10ba-48d0-b3d9-858137ad2b73",
              "parentUUID": "4acbaa4d-36d3-41fa-b694-1a23bfe63139",
              "isHook": false,
              "skipped": false
            },
            {
              "title": "Test 7: Admin short password validation",
              "fullTitle": "Login Test - 33 Separate Test Cases Test 7: Admin short password validation",
              "timedOut": null,
              "duration": 2120,
              "state": "passed",
              "speed": "fast",
              "pass": true,
              "fail": false,
              "pending": false,
              "context": null,
              "code": "cy.fixture(\"loginData\").then(users => {\n  if (users[6]) performLoginTest(users[6]);\n});",
              "err": {},
              "uuid": "0bbc761c-a5a3-4f23-9037-ed07780dcd9b",
              "parentUUID": "4acbaa4d-36d3-41fa-b694-1a23bfe63139",
              "isHook": false,
              "skipped": false
            },
            {
              "title": "Test 8: Invalid email format",
              "fullTitle": "Login Test - 33 Separate Test Cases Test 8: Invalid email format",
              "timedOut": null,
              "duration": 2115,
              "state": "passed",
              "speed": "fast",
              "pass": true,
              "fail": false,
              "pending": false,
              "context": null,
              "code": "cy.fixture(\"loginData\").then(users => {\n  if (users[7]) performLoginTest(users[7]);\n});",
              "err": {},
              "uuid": "9952b6c0-4563-468b-a268-2920b5c50c1a",
              "parentUUID": "4acbaa4d-36d3-41fa-b694-1a23bfe63139",
              "isHook": false,
              "skipped": false
            },
            {
              "title": "Test 9: Empty email validation",
              "fullTitle": "Login Test - 33 Separate Test Cases Test 9: Empty email validation",
              "timedOut": null,
              "duration": 364,
              "state": "failed",
              "speed": null,
              "pass": false,
              "fail": true,
              "pending": false,
              "context": null,
              "code": "cy.fixture(\"loginData\").then(users => {\n  if (users[8]) performLoginTest(users[8]);\n});",
              "err": {
                "message": "CypressError: `cy.type()` cannot accept an empty string. You need to actually type something.\n\nhttps://on.cypress.io/type",
                "estack": "CypressError: `cy.type()` cannot accept an empty string. You need to actually type something.\n\nhttps://on.cypress.io/type\n    at Context.type (http://localhost:4200/__cypress/runner/cypress_runner.js:116768:68)\n    at wrapped (http://localhost:4200/__cypress/runner/cypress_runner.js:141532:19)\n    at <unknown> (http://localhost:4200/__cypress/runner/cypress_runner.js:147477:15)\n    at tryCatcher (http://localhost:4200/__cypress/runner/cypress_runner.js:1777:23)\n    at Promise._settlePromiseFromHandler (http://localhost:4200/__cypress/runner/cypress_runner.js:1489:31)\n    at Promise._settlePromise (http://localhost:4200/__cypress/runner/cypress_runner.js:1546:18)\n    at Promise._settlePromiseCtx (http://localhost:4200/__cypress/runner/cypress_runner.js:1583:10)\n    at _drainQueueStep (http://localhost:4200/__cypress/runner/cypress_runner.js:2381:12)\n    at _drainQueue (http://localhost:4200/__cypress/runner/cypress_runner.js:2370:9)\n    at Async._drainQueues (http://localhost:4200/__cypress/runner/cypress_runner.js:2386:5)\n    at Async.drainQueues (http://localhost:4200/__cypress/runner/cypress_runner.js:2256:14)",
                "diff": null
              },
              "uuid": "1ce553df-cb4b-4151-a5db-12ca294726a6",
              "parentUUID": "4acbaa4d-36d3-41fa-b694-1a23bfe63139",
              "isHook": false,
              "skipped": false
            },
            {
              "title": "Test 10: Empty password validation",
              "fullTitle": "Login Test - 33 Separate Test Cases Test 10: Empty password validation",
              "timedOut": null,
              "duration": 953,
              "state": "failed",
              "speed": null,
              "pass": false,
              "fail": true,
              "pending": false,
              "context": null,
              "code": "cy.fixture(\"loginData\").then(users => {\n  if (users[9]) performLoginTest(users[9]);\n});",
              "err": {
                "message": "CypressError: `cy.type()` cannot accept an empty string. You need to actually type something.\n\nhttps://on.cypress.io/type",
                "estack": "CypressError: `cy.type()` cannot accept an empty string. You need to actually type something.\n\nhttps://on.cypress.io/type\n    at Context.type (http://localhost:4200/__cypress/runner/cypress_runner.js:116768:68)\n    at wrapped (http://localhost:4200/__cypress/runner/cypress_runner.js:141532:19)\n    at <unknown> (http://localhost:4200/__cypress/runner/cypress_runner.js:147477:15)\n    at tryCatcher (http://localhost:4200/__cypress/runner/cypress_runner.js:1777:23)\n    at Promise._settlePromiseFromHandler (http://localhost:4200/__cypress/runner/cypress_runner.js:1489:31)\n    at Promise._settlePromise (http://localhost:4200/__cypress/runner/cypress_runner.js:1546:18)\n    at Promise._settlePromiseCtx (http://localhost:4200/__cypress/runner/cypress_runner.js:1583:10)\n    at _drainQueueStep (http://localhost:4200/__cypress/runner/cypress_runner.js:2381:12)\n    at _drainQueue (http://localhost:4200/__cypress/runner/cypress_runner.js:2370:9)\n    at Async._drainQueues (http://localhost:4200/__cypress/runner/cypress_runner.js:2386:5)\n    at Async.drainQueues (http://localhost:4200/__cypress/runner/cypress_runner.js:2256:14)",
                "diff": null
              },
              "uuid": "add6a592-8f55-4e4d-9c4e-38c1e02aa21c",
              "parentUUID": "4acbaa4d-36d3-41fa-b694-1a23bfe63139",
              "isHook": false,
              "skipped": false
            },
            {
              "title": "Test 11: Invalid short domain",
              "fullTitle": "Login Test - 33 Separate Test Cases Test 11: Invalid short domain",
              "timedOut": null,
              "duration": 1864,
              "state": "passed",
              "speed": "fast",
              "pass": true,
              "fail": false,
              "pending": false,
              "context": null,
              "code": "cy.fixture(\"loginData\").then(users => {\n  if (users[10]) performLoginTest(users[10]);\n});",
              "err": {},
              "uuid": "dd49df1d-1523-46ad-9528-6e807d416502",
              "parentUUID": "4acbaa4d-36d3-41fa-b694-1a23bfe63139",
              "isHook": false,
              "skipped": false
            },
            {
              "title": "Test 12: Invalid long domain",
              "fullTitle": "Login Test - 33 Separate Test Cases Test 12: Invalid long domain",
              "timedOut": null,
              "duration": 1934,
              "state": "passed",
              "speed": "fast",
              "pass": true,
              "fail": false,
              "pending": false,
              "context": null,
              "code": "cy.fixture(\"loginData\").then(users => {\n  if (users[11]) performLoginTest(users[11]);\n});",
              "err": {},
              "uuid": "0b2d7309-d0d5-420a-9075-c248e3aaf841",
              "parentUUID": "4acbaa4d-36d3-41fa-b694-1a23bfe63139",
              "isHook": false,
              "skipped": false
            },
            {
              "title": "Test 13: 8 character password fail",
              "fullTitle": "Login Test - 33 Separate Test Cases Test 13: 8 character password fail",
              "timedOut": null,
              "duration": 2130,
              "state": "passed",
              "speed": "fast",
              "pass": true,
              "fail": false,
              "pending": false,
              "context": null,
              "code": "cy.fixture(\"loginData\").then(users => {\n  if (users[12]) performLoginTest(users[12]);\n});",
              "err": {},
              "uuid": "5ef854e5-14eb-4c04-9fdf-6b268fede620",
              "parentUUID": "4acbaa4d-36d3-41fa-b694-1a23bfe63139",
              "isHook": false,
              "skipped": false
            },
            {
              "title": "Test 14: 9 character password success",
              "fullTitle": "Login Test - 33 Separate Test Cases Test 14: 9 character password success",
              "timedOut": null,
              "duration": 11229,
              "state": "failed",
              "speed": null,
              "pass": false,
              "fail": true,
              "pending": false,
              "context": null,
              "code": "cy.fixture(\"loginData\").then(users => {\n  if (users[13]) performLoginTest(users[13]);\n});",
              "err": {
                "message": "AssertionError: Timed out retrying after 4000ms: expected 'http://localhost:4200/#/auth/login' to include '/admin/dashboard'",
                "estack": "AssertionError: Timed out retrying after 4000ms: expected 'http://localhost:4200/#/auth/login' to include '/admin/dashboard'\n    at performLoginTest (webpack://sprint5-with-bugs-testing/./cypress/e2e/LogIn.cy.js:269:15)\n    at Context.eval (webpack://sprint5-with-bugs-testing/./cypress/e2e/LogIn.cy.js:106:21)\n    at getRet (http://localhost:4200/__cypress/runner/cypress_runner.js:120949:20)\n    at tryCatcher (http://localhost:4200/__cypress/runner/cypress_runner.js:1777:23)\n    at Promise.attempt.Promise.try (http://localhost:4200/__cypress/runner/cypress_runner.js:4285:29)\n    at Context.thenFn (http://localhost:4200/__cypress/runner/cypress_runner.js:120960:66)\n    at Context.then (http://localhost:4200/__cypress/runner/cypress_runner.js:121211:21)\n    at wrapped (http://localhost:4200/__cypress/runner/cypress_runner.js:141532:19)",
                "diff": null
              },
              "uuid": "2fc072da-5810-4973-9c8e-7863af5e9e4b",
              "parentUUID": "4acbaa4d-36d3-41fa-b694-1a23bfe63139",
              "isHook": false,
              "skipped": false
            },
            {
              "title": "Test 15: 40 character password success",
              "fullTitle": "Login Test - 33 Separate Test Cases Test 15: 40 character password success",
              "timedOut": null,
              "duration": 11932,
              "state": "failed",
              "speed": null,
              "pass": false,
              "fail": true,
              "pending": false,
              "context": null,
              "code": "cy.fixture(\"loginData\").then(users => {\n  if (users[14]) performLoginTest(users[14]);\n});",
              "err": {
                "message": "AssertionError: Timed out retrying after 4000ms: expected 'http://localhost:4200/#/auth/login' to include '/admin/dashboard'",
                "estack": "AssertionError: Timed out retrying after 4000ms: expected 'http://localhost:4200/#/auth/login' to include '/admin/dashboard'\n    at performLoginTest (webpack://sprint5-with-bugs-testing/./cypress/e2e/LogIn.cy.js:269:15)\n    at Context.eval (webpack://sprint5-with-bugs-testing/./cypress/e2e/LogIn.cy.js:113:21)\n    at getRet (http://localhost:4200/__cypress/runner/cypress_runner.js:120949:20)\n    at tryCatcher (http://localhost:4200/__cypress/runner/cypress_runner.js:1777:23)\n    at Promise.attempt.Promise.try (http://localhost:4200/__cypress/runner/cypress_runner.js:4285:29)\n    at Context.thenFn (http://localhost:4200/__cypress/runner/cypress_runner.js:120960:66)\n    at Context.then (http://localhost:4200/__cypress/runner/cypress_runner.js:121211:21)\n    at wrapped (http://localhost:4200/__cypress/runner/cypress_runner.js:141532:19)",
                "diff": null
              },
              "uuid": "d216aa2e-365b-489d-8363-bb9149bac03e",
              "parentUUID": "4acbaa4d-36d3-41fa-b694-1a23bfe63139",
              "isHook": false,
              "skipped": false
            },
            {
              "title": "Test 16: 41 character password validation fail",
              "fullTitle": "Login Test - 33 Separate Test Cases Test 16: 41 character password validation fail",
              "timedOut": null,
              "duration": 2531,
              "state": "passed",
              "speed": "fast",
              "pass": true,
              "fail": false,
              "pending": false,
              "context": null,
              "code": "cy.fixture(\"loginData\").then(users => {\n  if (users[15]) performLoginTest(users[15]);\n});",
              "err": {},
              "uuid": "ea4a78df-c3e8-4e3d-9c22-e348a617ef62",
              "parentUUID": "4acbaa4d-36d3-41fa-b694-1a23bfe63139",
              "isHook": false,
              "skipped": false
            },
            {
              "title": "Test 17: Email with leading/trailing spaces",
              "fullTitle": "Login Test - 33 Separate Test Cases Test 17: Email with leading/trailing spaces",
              "timedOut": null,
              "duration": 11213,
              "state": "failed",
              "speed": null,
              "pass": false,
              "fail": true,
              "pending": false,
              "context": null,
              "code": "cy.fixture(\"loginData\").then(users => {\n  if (users[16]) performLoginTest(users[16]);\n});",
              "err": {
                "message": "AssertionError: Timed out retrying after 4000ms: expected 'http://localhost:4200/#/auth/login' to include '/admin/dashboard'",
                "estack": "AssertionError: Timed out retrying after 4000ms: expected 'http://localhost:4200/#/auth/login' to include '/admin/dashboard'\n    at performLoginTest (webpack://sprint5-with-bugs-testing/./cypress/e2e/LogIn.cy.js:269:15)\n    at Context.eval (webpack://sprint5-with-bugs-testing/./cypress/e2e/LogIn.cy.js:127:21)\n    at getRet (http://localhost:4200/__cypress/runner/cypress_runner.js:120949:20)\n    at tryCatcher (http://localhost:4200/__cypress/runner/cypress_runner.js:1777:23)\n    at Promise.attempt.Promise.try (http://localhost:4200/__cypress/runner/cypress_runner.js:4285:29)\n    at Context.thenFn (http://localhost:4200/__cypress/runner/cypress_runner.js:120960:66)\n    at Context.then (http://localhost:4200/__cypress/runner/cypress_runner.js:121211:21)\n    at wrapped (http://localhost:4200/__cypress/runner/cypress_runner.js:141532:19)",
                "diff": null
              },
              "uuid": "e29eff8e-045a-44f1-80f5-9461951d52bd",
              "parentUUID": "4acbaa4d-36d3-41fa-b694-1a23bfe63139",
              "isHook": false,
              "skipped": false
            },
            {
              "title": "Test 18: Password with space",
              "fullTitle": "Login Test - 33 Separate Test Cases Test 18: Password with space",
              "timedOut": null,
              "duration": 2565,
              "state": "passed",
              "speed": "fast",
              "pass": true,
              "fail": false,
              "pending": false,
              "context": null,
              "code": "cy.fixture(\"loginData\").then(users => {\n  if (users[17]) performLoginTest(users[17]);\n});",
              "err": {},
              "uuid": "0dfc597c-2af6-4af8-acfd-dd1971a1dd1a",
              "parentUUID": "4acbaa4d-36d3-41fa-b694-1a23bfe63139",
              "isHook": false,
              "skipped": false
            },
            {
              "title": "Test 19: Incomplete email format",
              "fullTitle": "Login Test - 33 Separate Test Cases Test 19: Incomplete email format",
              "timedOut": null,
              "duration": 1841,
              "state": "passed",
              "speed": "fast",
              "pass": true,
              "fail": false,
              "pending": false,
              "context": null,
              "code": "cy.fixture(\"loginData\").then(users => {\n  if (users[18]) performLoginTest(users[18]);\n});",
              "err": {},
              "uuid": "f2a5fbdb-317f-44a7-bce4-a73adf958257",
              "parentUUID": "4acbaa4d-36d3-41fa-b694-1a23bfe63139",
              "isHook": false,
              "skipped": false
            },
            {
              "title": "Test 20: SQL injection in password",
              "fullTitle": "Login Test - 33 Separate Test Cases Test 20: SQL injection in password",
              "timedOut": null,
              "duration": 2214,
              "state": "passed",
              "speed": "fast",
              "pass": true,
              "fail": false,
              "pending": false,
              "context": null,
              "code": "cy.fixture(\"loginData\").then(users => {\n  if (users[19]) performLoginTest(users[19]);\n});",
              "err": {},
              "uuid": "37ba12c3-3e43-4a9c-a5c1-e5392836632b",
              "parentUUID": "4acbaa4d-36d3-41fa-b694-1a23bfe63139",
              "isHook": false,
              "skipped": false
            },
            {
              "title": "Test 21: SQL injection in email",
              "fullTitle": "Login Test - 33 Separate Test Cases Test 21: SQL injection in email",
              "timedOut": null,
              "duration": 7024,
              "state": "failed",
              "speed": null,
              "pass": false,
              "fail": true,
              "pending": false,
              "context": null,
              "code": "cy.fixture(\"loginData\").then(users => {\n  if (users[20]) performLoginTest(users[20]);\n});",
              "err": {
                "message": "AssertionError: Timed out retrying after 5000ms: Expected to find content: 'Invalid email or password' but never did.",
                "estack": "AssertionError: Timed out retrying after 5000ms: Expected to find content: 'Invalid email or password' but never did.\n    at performLoginTest (webpack://sprint5-with-bugs-testing/./cypress/e2e/LogIn.cy.js:277:64)\n    at Context.eval (webpack://sprint5-with-bugs-testing/./cypress/e2e/LogIn.cy.js:155:21)\n    at getRet (http://localhost:4200/__cypress/runner/cypress_runner.js:120949:20)\n    at tryCatcher (http://localhost:4200/__cypress/runner/cypress_runner.js:1777:23)\n    at Promise.attempt.Promise.try (http://localhost:4200/__cypress/runner/cypress_runner.js:4285:29)\n    at Context.thenFn (http://localhost:4200/__cypress/runner/cypress_runner.js:120960:66)\n    at Context.then (http://localhost:4200/__cypress/runner/cypress_runner.js:121211:21)\n    at wrapped (http://localhost:4200/__cypress/runner/cypress_runner.js:141532:19)",
                "diff": null
              },
              "uuid": "bf984bbb-89e1-4019-ba65-a475d95f7e9d",
              "parentUUID": "4acbaa4d-36d3-41fa-b694-1a23bfe63139",
              "isHook": false,
              "skipped": false
            },
            {
              "title": "Test 22: Non-existent user",
              "fullTitle": "Login Test - 33 Separate Test Cases Test 22: Non-existent user",
              "timedOut": null,
              "duration": 2092,
              "state": "passed",
              "speed": "fast",
              "pass": true,
              "fail": false,
              "pending": false,
              "context": null,
              "code": "cy.fixture(\"loginData\").then(users => {\n  if (users[21]) performLoginTest(users[21]);\n});",
              "err": {},
              "uuid": "a5587d93-d979-4a85-9ed3-253e1ce31c4b",
              "parentUUID": "4acbaa4d-36d3-41fa-b694-1a23bfe63139",
              "isHook": false,
              "skipped": false
            },
            {
              "title": "Test 23: Case insensitive email",
              "fullTitle": "Login Test - 33 Separate Test Cases Test 23: Case insensitive email",
              "timedOut": null,
              "duration": 7184,
              "state": "passed",
              "speed": "medium",
              "pass": true,
              "fail": false,
              "pending": false,
              "context": null,
              "code": "cy.fixture(\"loginData\").then(users => {\n  if (users[22]) performLoginTest(users[22]);\n});",
              "err": {},
              "uuid": "2e249b71-35c6-4b5e-9446-9a7f0b4d8288",
              "parentUUID": "4acbaa4d-36d3-41fa-b694-1a23bfe63139",
              "isHook": false,
              "skipped": false
            },
            {
              "title": "Test 24: Email with plus sign",
              "fullTitle": "Login Test - 33 Separate Test Cases Test 24: Email with plus sign",
              "timedOut": null,
              "duration": 6315,
              "state": "failed",
              "speed": null,
              "pass": false,
              "fail": true,
              "pending": false,
              "context": null,
              "code": "cy.fixture(\"loginData\").then(users => {\n  if (users[23]) performLoginTest(users[23]);\n});",
              "err": {
                "message": "AssertionError: Timed out retrying after 4000ms: expected 'http://localhost:4200/#/auth/login' to include '/account'",
                "estack": "AssertionError: Timed out retrying after 4000ms: expected 'http://localhost:4200/#/auth/login' to include '/account'\n    at performLoginTest (webpack://sprint5-with-bugs-testing/./cypress/e2e/LogIn.cy.js:271:15)\n    at Context.eval (webpack://sprint5-with-bugs-testing/./cypress/e2e/LogIn.cy.js:176:21)\n    at getRet (http://localhost:4200/__cypress/runner/cypress_runner.js:120949:20)\n    at tryCatcher (http://localhost:4200/__cypress/runner/cypress_runner.js:1777:23)\n    at Promise.attempt.Promise.try (http://localhost:4200/__cypress/runner/cypress_runner.js:4285:29)\n    at Context.thenFn (http://localhost:4200/__cypress/runner/cypress_runner.js:120960:66)\n    at Context.then (http://localhost:4200/__cypress/runner/cypress_runner.js:121211:21)\n    at wrapped (http://localhost:4200/__cypress/runner/cypress_runner.js:141532:19)",
                "diff": null
              },
              "uuid": "8201e7c1-62b9-49ea-a86e-9f15d3502785",
              "parentUUID": "4acbaa4d-36d3-41fa-b694-1a23bfe63139",
              "isHook": false,
              "skipped": false
            },
            {
              "title": "Test 25: Special characters in password",
              "fullTitle": "Login Test - 33 Separate Test Cases Test 25: Special characters in password",
              "timedOut": null,
              "duration": 11269,
              "state": "failed",
              "speed": null,
              "pass": false,
              "fail": true,
              "pending": false,
              "context": null,
              "code": "cy.fixture(\"loginData\").then(users => {\n  if (users[24]) performLoginTest(users[24]);\n});",
              "err": {
                "message": "AssertionError: Timed out retrying after 4000ms: expected 'http://localhost:4200/#/auth/login' to include '/admin/dashboard'",
                "estack": "AssertionError: Timed out retrying after 4000ms: expected 'http://localhost:4200/#/auth/login' to include '/admin/dashboard'\n    at performLoginTest (webpack://sprint5-with-bugs-testing/./cypress/e2e/LogIn.cy.js:269:15)\n    at Context.eval (webpack://sprint5-with-bugs-testing/./cypress/e2e/LogIn.cy.js:183:21)\n    at getRet (http://localhost:4200/__cypress/runner/cypress_runner.js:120949:20)\n    at tryCatcher (http://localhost:4200/__cypress/runner/cypress_runner.js:1777:23)\n    at Promise.attempt.Promise.try (http://localhost:4200/__cypress/runner/cypress_runner.js:4285:29)\n    at Context.thenFn (http://localhost:4200/__cypress/runner/cypress_runner.js:120960:66)\n    at Context.then (http://localhost:4200/__cypress/runner/cypress_runner.js:121211:21)\n    at wrapped (http://localhost:4200/__cypress/runner/cypress_runner.js:141532:19)",
                "diff": null
              },
              "uuid": "8edbf4e2-7f6e-4065-bdf2-2d38f09656f3",
              "parentUUID": "4acbaa4d-36d3-41fa-b694-1a23bfe63139",
              "isHook": false,
              "skipped": false
            },
            {
              "title": "Test 26: Newline in password",
              "fullTitle": "Login Test - 33 Separate Test Cases Test 26: Newline in password",
              "timedOut": null,
              "duration": 5379,
              "state": "failed",
              "speed": null,
              "pass": false,
              "fail": true,
              "pending": false,
              "context": null,
              "code": "cy.fixture(\"loginData\").then(users => {\n  if (users[25]) performLoginTest(users[25]);\n});",
              "err": {
                "message": "AssertionError: Timed out retrying after 4160ms: expected '<input#password.form-control>' to have value 'pass\\nword01', but the value was 'password01'",
                "estack": "AssertionError: Timed out retrying after 4160ms: expected '<input#password.form-control>' to have value 'pass\\nword01', but the value was 'password01'\n    at performLoginTest (webpack://sprint5-with-bugs-testing/./cypress/e2e/LogIn.cy.js:260:5)\n    at Context.eval (webpack://sprint5-with-bugs-testing/./cypress/e2e/LogIn.cy.js:190:21)\n    at getRet (http://localhost:4200/__cypress/runner/cypress_runner.js:120949:20)\n    at tryCatcher (http://localhost:4200/__cypress/runner/cypress_runner.js:1777:23)\n    at Promise.attempt.Promise.try (http://localhost:4200/__cypress/runner/cypress_runner.js:4285:29)\n    at Context.thenFn (http://localhost:4200/__cypress/runner/cypress_runner.js:120960:66)\n    at Context.then (http://localhost:4200/__cypress/runner/cypress_runner.js:121211:21)\n    at wrapped (http://localhost:4200/__cypress/runner/cypress_runner.js:141532:19)",
                "diff": "- 'password01'\n+ 'pass\\nword01'\n"
              },
              "uuid": "8f6d868a-7a6c-43dc-9737-09d8517fe067",
              "parentUUID": "4acbaa4d-36d3-41fa-b694-1a23bfe63139",
              "isHook": false,
              "skipped": false
            },
            {
              "title": "Test 27: Unicode characters in password",
              "fullTitle": "Login Test - 33 Separate Test Cases Test 27: Unicode characters in password",
              "timedOut": null,
              "duration": 11300,
              "state": "failed",
              "speed": null,
              "pass": false,
              "fail": true,
              "pending": false,
              "context": null,
              "code": "cy.fixture(\"loginData\").then(users => {\n  if (users[26]) performLoginTest(users[26]);\n});",
              "err": {
                "message": "AssertionError: Timed out retrying after 4000ms: expected 'http://localhost:4200/#/auth/login' to include '/admin/dashboard'",
                "estack": "AssertionError: Timed out retrying after 4000ms: expected 'http://localhost:4200/#/auth/login' to include '/admin/dashboard'\n    at performLoginTest (webpack://sprint5-with-bugs-testing/./cypress/e2e/LogIn.cy.js:269:15)\n    at Context.eval (webpack://sprint5-with-bugs-testing/./cypress/e2e/LogIn.cy.js:197:21)\n    at getRet (http://localhost:4200/__cypress/runner/cypress_runner.js:120949:20)\n    at tryCatcher (http://localhost:4200/__cypress/runner/cypress_runner.js:1777:23)\n    at Promise.attempt.Promise.try (http://localhost:4200/__cypress/runner/cypress_runner.js:4285:29)\n    at Context.thenFn (http://localhost:4200/__cypress/runner/cypress_runner.js:120960:66)\n    at Context.then (http://localhost:4200/__cypress/runner/cypress_runner.js:121211:21)\n    at wrapped (http://localhost:4200/__cypress/runner/cypress_runner.js:141532:19)",
                "diff": null
              },
              "uuid": "d0d215e2-0241-44a9-84e3-6cf2dffaa4f3",
              "parentUUID": "4acbaa4d-36d3-41fa-b694-1a23bfe63139",
              "isHook": false,
              "skipped": false
            },
            {
              "title": "Test 28: Emoji in email",
              "fullTitle": "Login Test - 33 Separate Test Cases Test 28: Emoji in email",
              "timedOut": null,
              "duration": 2331,
              "state": "passed",
              "speed": "fast",
              "pass": true,
              "fail": false,
              "pending": false,
              "context": null,
              "code": "cy.fixture(\"loginData\").then(users => {\n  if (users[27]) performLoginTest(users[27]);\n});",
              "err": {},
              "uuid": "96f758b2-6185-4563-8272-05c7df0085ea",
              "parentUUID": "4acbaa4d-36d3-41fa-b694-1a23bfe63139",
              "isHook": false,
              "skipped": false
            },
            {
              "title": "Test 29: Subdomain email",
              "fullTitle": "Login Test - 33 Separate Test Cases Test 29: Subdomain email",
              "timedOut": null,
              "duration": 6156,
              "state": "failed",
              "speed": null,
              "pass": false,
              "fail": true,
              "pending": false,
              "context": null,
              "code": "cy.fixture(\"loginData\").then(users => {\n  if (users[28]) performLoginTest(users[28]);\n});",
              "err": {
                "message": "AssertionError: Timed out retrying after 4000ms: expected 'http://localhost:4200/#/auth/login' to include '/account'",
                "estack": "AssertionError: Timed out retrying after 4000ms: expected 'http://localhost:4200/#/auth/login' to include '/account'\n    at performLoginTest (webpack://sprint5-with-bugs-testing/./cypress/e2e/LogIn.cy.js:271:15)\n    at Context.eval (webpack://sprint5-with-bugs-testing/./cypress/e2e/LogIn.cy.js:211:21)\n    at getRet (http://localhost:4200/__cypress/runner/cypress_runner.js:120949:20)\n    at tryCatcher (http://localhost:4200/__cypress/runner/cypress_runner.js:1777:23)\n    at Promise.attempt.Promise.try (http://localhost:4200/__cypress/runner/cypress_runner.js:4285:29)\n    at Context.thenFn (http://localhost:4200/__cypress/runner/cypress_runner.js:120960:66)\n    at Context.then (http://localhost:4200/__cypress/runner/cypress_runner.js:121211:21)\n    at wrapped (http://localhost:4200/__cypress/runner/cypress_runner.js:141532:19)",
                "diff": null
              },
              "uuid": "a236907e-98d4-4039-8870-3db0646d68f9",
              "parentUUID": "4acbaa4d-36d3-41fa-b694-1a23bfe63139",
              "isHook": false,
              "skipped": false
            },
            {
              "title": "Test 30: Underscore in password",
              "fullTitle": "Login Test - 33 Separate Test Cases Test 30: Underscore in password",
              "timedOut": null,
              "duration": 11607,
              "state": "failed",
              "speed": null,
              "pass": false,
              "fail": true,
              "pending": false,
              "context": null,
              "code": "cy.fixture(\"loginData\").then(users => {\n  if (users[29]) performLoginTest(users[29]);\n});",
              "err": {
                "message": "AssertionError: Timed out retrying after 4000ms: expected 'http://localhost:4200/#/auth/login' to include '/admin/dashboard'",
                "estack": "AssertionError: Timed out retrying after 4000ms: expected 'http://localhost:4200/#/auth/login' to include '/admin/dashboard'\n    at performLoginTest (webpack://sprint5-with-bugs-testing/./cypress/e2e/LogIn.cy.js:269:15)\n    at Context.eval (webpack://sprint5-with-bugs-testing/./cypress/e2e/LogIn.cy.js:218:21)\n    at getRet (http://localhost:4200/__cypress/runner/cypress_runner.js:120949:20)\n    at tryCatcher (http://localhost:4200/__cypress/runner/cypress_runner.js:1777:23)\n    at Promise.attempt.Promise.try (http://localhost:4200/__cypress/runner/cypress_runner.js:4285:29)\n    at Context.thenFn (http://localhost:4200/__cypress/runner/cypress_runner.js:120960:66)\n    at Context.then (http://localhost:4200/__cypress/runner/cypress_runner.js:121211:21)\n    at wrapped (http://localhost:4200/__cypress/runner/cypress_runner.js:141532:19)",
                "diff": null
              },
              "uuid": "6a6492bd-13f6-456f-8168-329c7f675b67",
              "parentUUID": "4acbaa4d-36d3-41fa-b694-1a23bfe63139",
              "isHook": false,
              "skipped": false
            },
            {
              "title": "Test 31: Uppercase email",
              "fullTitle": "Login Test - 33 Separate Test Cases Test 31: Uppercase email",
              "timedOut": null,
              "duration": 7167,
              "state": "passed",
              "speed": "medium",
              "pass": true,
              "fail": false,
              "pending": false,
              "context": null,
              "code": "cy.fixture(\"loginData\").then(users => {\n  if (users[30]) performLoginTest(users[30]);\n});",
              "err": {},
              "uuid": "249bcf8a-a517-4610-86ac-9428baa4698b",
              "parentUUID": "4acbaa4d-36d3-41fa-b694-1a23bfe63139",
              "isHook": false,
              "skipped": false
            },
            {
              "title": "Test 32: Different valid password",
              "fullTitle": "Login Test - 33 Separate Test Cases Test 32: Different valid password",
              "timedOut": null,
              "duration": 11252,
              "state": "failed",
              "speed": null,
              "pass": false,
              "fail": true,
              "pending": false,
              "context": null,
              "code": "cy.fixture(\"loginData\").then(users => {\n  if (users[31]) performLoginTest(users[31]);\n});",
              "err": {
                "message": "AssertionError: Timed out retrying after 4000ms: expected 'http://localhost:4200/#/auth/login' to include '/admin/dashboard'",
                "estack": "AssertionError: Timed out retrying after 4000ms: expected 'http://localhost:4200/#/auth/login' to include '/admin/dashboard'\n    at performLoginTest (webpack://sprint5-with-bugs-testing/./cypress/e2e/LogIn.cy.js:269:15)\n    at Context.eval (webpack://sprint5-with-bugs-testing/./cypress/e2e/LogIn.cy.js:232:21)\n    at getRet (http://localhost:4200/__cypress/runner/cypress_runner.js:120949:20)\n    at tryCatcher (http://localhost:4200/__cypress/runner/cypress_runner.js:1777:23)\n    at Promise.attempt.Promise.try (http://localhost:4200/__cypress/runner/cypress_runner.js:4285:29)\n    at Context.thenFn (http://localhost:4200/__cypress/runner/cypress_runner.js:120960:66)\n    at Context.then (http://localhost:4200/__cypress/runner/cypress_runner.js:121211:21)\n    at wrapped (http://localhost:4200/__cypress/runner/cypress_runner.js:141532:19)",
                "diff": null
              },
              "uuid": "c2de68cf-29e0-4457-83d3-e2c4bc17c79c",
              "parentUUID": "4acbaa4d-36d3-41fa-b694-1a23bfe63139",
              "isHook": false,
              "skipped": false
            },
            {
              "title": "Test 33: Invalid domain",
              "fullTitle": "Login Test - 33 Separate Test Cases Test 33: Invalid domain",
              "timedOut": null,
              "duration": 2057,
              "state": "passed",
              "speed": "fast",
              "pass": true,
              "fail": false,
              "pending": false,
              "context": null,
              "code": "cy.fixture(\"loginData\").then(users => {\n  if (users[32]) performLoginTest(users[32]);\n});",
              "err": {},
              "uuid": "5759c74d-a563-40e9-b3e0-103c64a5a712",
              "parentUUID": "4acbaa4d-36d3-41fa-b694-1a23bfe63139",
              "isHook": false,
              "skipped": false
            }
          ],
          "suites": [],
          "passes": [
            "b69056c2-39ce-4535-8bac-dba7abd359e7",
            "0b00ef91-b9fc-4e33-ba1a-dce2965eda52",
            "5cccce89-be09-4dbc-86a7-03f7ed2ab497",
            "a0b6cdb3-10ba-48d0-b3d9-858137ad2b73",
            "0bbc761c-a5a3-4f23-9037-ed07780dcd9b",
            "9952b6c0-4563-468b-a268-2920b5c50c1a",
            "dd49df1d-1523-46ad-9528-6e807d416502",
            "0b2d7309-d0d5-420a-9075-c248e3aaf841",
            "5ef854e5-14eb-4c04-9fdf-6b268fede620",
            "ea4a78df-c3e8-4e3d-9c22-e348a617ef62",
            "0dfc597c-2af6-4af8-acfd-dd1971a1dd1a",
            "f2a5fbdb-317f-44a7-bce4-a73adf958257",
            "37ba12c3-3e43-4a9c-a5c1-e5392836632b",
            "a5587d93-d979-4a85-9ed3-253e1ce31c4b",
            "2e249b71-35c6-4b5e-9446-9a7f0b4d8288",
            "96f758b2-6185-4563-8272-05c7df0085ea",
            "249bcf8a-a517-4610-86ac-9428baa4698b",
            "5759c74d-a563-40e9-b3e0-103c64a5a712"
          ],
          "failures": [
            "976470bc-e36d-4172-a719-f7cfeea0df86",
            "010e893e-8f18-4447-ad3a-e93ab1368089",
            "1ce553df-cb4b-4151-a5db-12ca294726a6",
            "add6a592-8f55-4e4d-9c4e-38c1e02aa21c",
            "2fc072da-5810-4973-9c8e-7863af5e9e4b",
            "d216aa2e-365b-489d-8363-bb9149bac03e",
            "e29eff8e-045a-44f1-80f5-9461951d52bd",
            "bf984bbb-89e1-4019-ba65-a475d95f7e9d",
            "8201e7c1-62b9-49ea-a86e-9f15d3502785",
            "8edbf4e2-7f6e-4065-bdf2-2d38f09656f3",
            "8f6d868a-7a6c-43dc-9737-09d8517fe067",
            "d0d215e2-0241-44a9-84e3-6cf2dffaa4f3",
            "a236907e-98d4-4039-8870-3db0646d68f9",
            "6a6492bd-13f6-456f-8168-329c7f675b67",
            "c2de68cf-29e0-4457-83d3-e2c4bc17c79c"
          ],
          "pending": [],
          "skipped": [],
          "duration": 174473,
          "root": false,
          "rootEmpty": false,
          "_timeout": 2000
        }
      ],
      "passes": [],
      "failures": [],
      "pending": [],
      "skipped": [],
      "duration": 0,
      "root": true,
      "rootEmpty": true,
      "_timeout": 2000
    }
  ],
  "meta": {
    "mocha": {
      "version": "7.2.0"
    },
    "mochawesome": {
      "options": {
        "quiet": false,
        "reportFilename": "mochawesome",
        "saveHtml": false,
        "saveJson": true,
        "consoleReporter": "spec",
        "useInlineDiffs": false,
        "code": true
      },
      "version": "7.1.3"
    },
    "marge": {
      "options": {
        "reportDir": "cypress/reports",
        "overwrite": false,
        "html": false,
        "json": true,
        "timestamp": "mmddyyyy_HHMMss"
      },
      "version": "6.2.0"
    }
  }
}